{"C:\\Users\\abran\\Documents\\Codigo\\VisualCode\\ReactProyecto\\front-end-test-app\\src\\front-end-test\\components\\ErrorScreen.jsx": {"path":"C:\\Users\\abran\\Documents\\Codigo\\VisualCode\\ReactProyecto\\front-end-test-app\\src\\front-end-test\\components\\ErrorScreen.jsx","statementMap":{"0":{"start":{"line":4,"column":27},"end":{"line":24,"column":1}},"1":{"start":{"line":5,"column":2},"end":{"line":23,"column":4}},"2":{"start":{"line":26,"column":0},"end":{"line":29,"column":2}}},"fnMap":{"0":{"name":"(anonymous_0)","decl":{"start":{"line":4,"column":27},"end":{"line":4,"column":28}},"loc":{"start":{"line":4,"column":53},"end":{"line":24,"column":1}},"line":4}},"branchMap":{"0":{"loc":{"start":{"line":13,"column":7},"end":{"line":21,"column":7}},"type":"binary-expr","locations":[{"start":{"line":13,"column":7},"end":{"line":13,"column":14}},{"start":{"line":14,"column":8},"end":{"line":20,"column":17}}],"line":13}},"s":{"0":2,"1":4,"2":2},"f":{"0":4},"b":{"0":[4,2]},"_coverageSchema":"1a1c01bbd47fc00a2c39e90264f33305004495a9","hash":"b2470a0a6447f4de92baaa6b93d8674cd162ede5"}
,"C:\\Users\\abran\\Documents\\Codigo\\VisualCode\\ReactProyecto\\front-end-test-app\\src\\front-end-test\\components\\ImageWithSkeleton.jsx": {"path":"C:\\Users\\abran\\Documents\\Codigo\\VisualCode\\ReactProyecto\\front-end-test-app\\src\\front-end-test\\components\\ImageWithSkeleton.jsx","statementMap":{"0":{"start":{"line":4,"column":33},"end":{"line":22,"column":1}},"1":{"start":{"line":5,"column":30},"end":{"line":5,"column":45}},"2":{"start":{"line":7,"column":2},"end":{"line":21,"column":4}},"3":{"start":{"line":18,"column":22},"end":{"line":18,"column":37}},"4":{"start":{"line":24,"column":0},"end":{"line":28,"column":2}}},"fnMap":{"0":{"name":"(anonymous_0)","decl":{"start":{"line":4,"column":33},"end":{"line":4,"column":34}},"loc":{"start":{"line":4,"column":62},"end":{"line":22,"column":1}},"line":4},"1":{"name":"(anonymous_1)","decl":{"start":{"line":18,"column":16},"end":{"line":18,"column":17}},"loc":{"start":{"line":18,"column":22},"end":{"line":18,"column":37}},"line":18}},"branchMap":{"0":{"loc":{"start":{"line":9,"column":7},"end":{"line":11,"column":7}},"type":"binary-expr","locations":[{"start":{"line":9,"column":7},"end":{"line":9,"column":14}},{"start":{"line":10,"column":8},"end":{"line":10,"column":99}}],"line":9},"1":{"loc":{"start":{"line":16,"column":10},"end":{"line":16,"column":46}},"type":"cond-expr","locations":[{"start":{"line":16,"column":19},"end":{"line":16,"column":32}},{"start":{"line":16,"column":35},"end":{"line":16,"column":46}}],"line":16}},"s":{"0":2,"1":7,"2":7,"3":1,"4":2},"f":{"0":7,"1":1},"b":{"0":[7,6],"1":[1,6]},"_coverageSchema":"1a1c01bbd47fc00a2c39e90264f33305004495a9","hash":"41e76739785786f0b40d230f7e054a0cd4bc2682"}
,"C:\\Users\\abran\\Documents\\Codigo\\VisualCode\\ReactProyecto\\front-end-test-app\\src\\front-end-test\\components\\OptionSelector.jsx": {"path":"C:\\Users\\abran\\Documents\\Codigo\\VisualCode\\ReactProyecto\\front-end-test-app\\src\\front-end-test\\components\\OptionSelector.jsx","statementMap":{"0":{"start":{"line":4,"column":30},"end":{"line":25,"column":1}},"1":{"start":{"line":5,"column":2},"end":{"line":24,"column":4}},"2":{"start":{"line":10,"column":10},"end":{"line":20,"column":19}},"3":{"start":{"line":12,"column":27},"end":{"line":12,"column":48}},"4":{"start":{"line":27,"column":0},"end":{"line":37,"column":2}}},"fnMap":{"0":{"name":"(anonymous_0)","decl":{"start":{"line":4,"column":30},"end":{"line":4,"column":31}},"loc":{"start":{"line":4,"column":74},"end":{"line":25,"column":1}},"line":4},"1":{"name":"(anonymous_1)","decl":{"start":{"line":9,"column":22},"end":{"line":9,"column":23}},"loc":{"start":{"line":10,"column":10},"end":{"line":20,"column":19}},"line":10},"2":{"name":"(anonymous_2)","decl":{"start":{"line":12,"column":21},"end":{"line":12,"column":22}},"loc":{"start":{"line":12,"column":27},"end":{"line":12,"column":48}},"line":12}},"branchMap":{"0":{"loc":{"start":{"line":14,"column":14},"end":{"line":16,"column":44}},"type":"cond-expr","locations":[{"start":{"line":15,"column":18},"end":{"line":15,"column":47}},{"start":{"line":16,"column":18},"end":{"line":16,"column":44}}],"line":14}},"s":{"0":2,"1":22,"2":24,"3":1,"4":2},"f":{"0":22,"1":24,"2":1},"b":{"0":[12,12]},"_coverageSchema":"1a1c01bbd47fc00a2c39e90264f33305004495a9","hash":"dd81c0e6f823fe89595826a9e0410f3c1d3013cf"}
,"C:\\Users\\abran\\Documents\\Codigo\\VisualCode\\ReactProyecto\\front-end-test-app\\src\\front-end-test\\components\\ProductCard.jsx": {"path":"C:\\Users\\abran\\Documents\\Codigo\\VisualCode\\ReactProyecto\\front-end-test-app\\src\\front-end-test\\components\\ProductCard.jsx","statementMap":{"0":{"start":{"line":6,"column":27},"end":{"line":27,"column":1}},"1":{"start":{"line":7,"column":19},"end":{"line":7,"column":32}},"2":{"start":{"line":9,"column":22},"end":{"line":11,"column":3}},"3":{"start":{"line":10,"column":4},"end":{"line":10,"column":50}},"4":{"start":{"line":13,"column":2},"end":{"line":26,"column":4}},"5":{"start":{"line":29,"column":0},"end":{"line":35,"column":2}}},"fnMap":{"0":{"name":"(anonymous_0)","decl":{"start":{"line":6,"column":27},"end":{"line":6,"column":28}},"loc":{"start":{"line":6,"column":68},"end":{"line":27,"column":1}},"line":6},"1":{"name":"(anonymous_1)","decl":{"start":{"line":9,"column":22},"end":{"line":9,"column":23}},"loc":{"start":{"line":9,"column":28},"end":{"line":11,"column":3}},"line":9}},"branchMap":{"0":{"loc":{"start":{"line":23,"column":9},"end":{"line":23,"column":46}},"type":"cond-expr","locations":[{"start":{"line":23,"column":17},"end":{"line":23,"column":28}},{"start":{"line":23,"column":31},"end":{"line":23,"column":46}}],"line":23}},"s":{"0":1,"1":3,"2":3,"3":1,"4":3,"5":1},"f":{"0":3,"1":1},"b":{"0":[2,1]},"_coverageSchema":"1a1c01bbd47fc00a2c39e90264f33305004495a9","hash":"f01995bbc788865ccdc2a19da974778c1c9cca73"}
,"C:\\Users\\abran\\Documents\\Codigo\\VisualCode\\ReactProyecto\\front-end-test-app\\src\\front-end-test\\components\\ProductDetailList.jsx": {"path":"C:\\Users\\abran\\Documents\\Codigo\\VisualCode\\ReactProyecto\\front-end-test-app\\src\\front-end-test\\components\\ProductDetailList.jsx","statementMap":{"0":{"start":{"line":4,"column":33},"end":{"line":125,"column":1}},"1":{"start":{"line":18,"column":6},"end":{"line":18,"column":12}},"2":{"start":{"line":20,"column":38},"end":{"line":20,"column":53}},"3":{"start":{"line":21,"column":46},"end":{"line":21,"column":61}},"4":{"start":{"line":22,"column":30},"end":{"line":22,"column":45}},"5":{"start":{"line":24,"column":21},"end":{"line":24,"column":33}},"6":{"start":{"line":26,"column":2},"end":{"line":37,"column":15}},"7":{"start":{"line":27,"column":4},"end":{"line":36,"column":5}},"8":{"start":{"line":28,"column":27},"end":{"line":28,"column":58}},"9":{"start":{"line":29,"column":6},"end":{"line":35,"column":7}},"10":{"start":{"line":30,"column":8},"end":{"line":30,"column":32}},"11":{"start":{"line":31,"column":8},"end":{"line":31,"column":27}},"12":{"start":{"line":33,"column":8},"end":{"line":33,"column":33}},"13":{"start":{"line":34,"column":8},"end":{"line":34,"column":26}},"14":{"start":{"line":39,"column":2},"end":{"line":47,"column":19}},"15":{"start":{"line":40,"column":4},"end":{"line":40,"column":36}},"16":{"start":{"line":40,"column":29},"end":{"line":40,"column":36}},"17":{"start":{"line":42,"column":4},"end":{"line":46,"column":5}},"18":{"start":{"line":43,"column":6},"end":{"line":43,"column":56}},"19":{"start":{"line":45,"column":6},"end":{"line":45,"column":25}},"20":{"start":{"line":49,"column":23},"end":{"line":63,"column":3}},"21":{"start":{"line":50,"column":4},"end":{"line":50,"column":30}},"22":{"start":{"line":50,"column":18},"end":{"line":50,"column":30}},"23":{"start":{"line":52,"column":4},"end":{"line":56,"column":5}},"24":{"start":{"line":53,"column":24},"end":{"line":53,"column":66}},"25":{"start":{"line":53,"column":48},"end":{"line":53,"column":65}},"26":{"start":{"line":54,"column":6},"end":{"line":54,"column":46}},"27":{"start":{"line":54,"column":34},"end":{"line":54,"column":46}},"28":{"start":{"line":55,"column":6},"end":{"line":55,"column":71}},"29":{"start":{"line":55,"column":43},"end":{"line":55,"column":69}},"30":{"start":{"line":58,"column":4},"end":{"line":60,"column":5}},"31":{"start":{"line":59,"column":6},"end":{"line":59,"column":32}},"32":{"start":{"line":62,"column":4},"end":{"line":62,"column":16}},"33":{"start":{"line":65,"column":32},"end":{"line":65,"column":59}},"34":{"start":{"line":66,"column":34},"end":{"line":66,"column":62}},"35":{"start":{"line":68,"column":2},"end":{"line":124,"column":4}},"36":{"start":{"line":115,"column":27},"end":{"line":115,"column":57}},"37":{"start":{"line":115,"column":51},"end":{"line":115,"column":56}},"38":{"start":{"line":127,"column":0},"end":{"line":129,"column":2}}},"fnMap":{"0":{"name":"(anonymous_0)","decl":{"start":{"line":4,"column":33},"end":{"line":4,"column":34}},"loc":{"start":{"line":4,"column":49},"end":{"line":125,"column":1}},"line":4},"1":{"name":"(anonymous_1)","decl":{"start":{"line":26,"column":12},"end":{"line":26,"column":13}},"loc":{"start":{"line":26,"column":18},"end":{"line":37,"column":3}},"line":26},"2":{"name":"(anonymous_2)","decl":{"start":{"line":39,"column":12},"end":{"line":39,"column":13}},"loc":{"start":{"line":39,"column":18},"end":{"line":47,"column":3}},"line":39},"3":{"name":"(anonymous_3)","decl":{"start":{"line":49,"column":23},"end":{"line":49,"column":24}},"loc":{"start":{"line":49,"column":36},"end":{"line":63,"column":3}},"line":49},"4":{"name":"(anonymous_4)","decl":{"start":{"line":53,"column":39},"end":{"line":53,"column":40}},"loc":{"start":{"line":53,"column":48},"end":{"line":53,"column":65}},"line":53},"5":{"name":"(anonymous_5)","decl":{"start":{"line":55,"column":27},"end":{"line":55,"column":28}},"loc":{"start":{"line":55,"column":43},"end":{"line":55,"column":69}},"line":55},"6":{"name":"(anonymous_6)","decl":{"start":{"line":115,"column":21},"end":{"line":115,"column":22}},"loc":{"start":{"line":115,"column":27},"end":{"line":115,"column":57}},"line":115},"7":{"name":"(anonymous_7)","decl":{"start":{"line":115,"column":41},"end":{"line":115,"column":42}},"loc":{"start":{"line":115,"column":51},"end":{"line":115,"column":56}},"line":115}},"branchMap":{"0":{"loc":{"start":{"line":27,"column":4},"end":{"line":36,"column":5}},"type":"if","locations":[{"start":{"line":27,"column":4},"end":{"line":36,"column":5}},{"start":{},"end":{}}],"line":27},"1":{"loc":{"start":{"line":29,"column":6},"end":{"line":35,"column":7}},"type":"if","locations":[{"start":{"line":29,"column":6},"end":{"line":35,"column":7}},{"start":{"line":32,"column":13},"end":{"line":35,"column":7}}],"line":29},"2":{"loc":{"start":{"line":40,"column":4},"end":{"line":40,"column":36}},"type":"if","locations":[{"start":{"line":40,"column":4},"end":{"line":40,"column":36}},{"start":{},"end":{}}],"line":40},"3":{"loc":{"start":{"line":42,"column":4},"end":{"line":46,"column":5}},"type":"if","locations":[{"start":{"line":42,"column":4},"end":{"line":46,"column":5}},{"start":{"line":44,"column":11},"end":{"line":46,"column":5}}],"line":42},"4":{"loc":{"start":{"line":50,"column":4},"end":{"line":50,"column":30}},"type":"if","locations":[{"start":{"line":50,"column":4},"end":{"line":50,"column":30}},{"start":{},"end":{}}],"line":50},"5":{"loc":{"start":{"line":52,"column":4},"end":{"line":56,"column":5}},"type":"if","locations":[{"start":{"line":52,"column":4},"end":{"line":56,"column":5}},{"start":{},"end":{}}],"line":52},"6":{"loc":{"start":{"line":54,"column":6},"end":{"line":54,"column":46}},"type":"if","locations":[{"start":{"line":54,"column":6},"end":{"line":54,"column":46}},{"start":{},"end":{}}],"line":54},"7":{"loc":{"start":{"line":58,"column":4},"end":{"line":60,"column":5}},"type":"if","locations":[{"start":{"line":58,"column":4},"end":{"line":60,"column":5}},{"start":{},"end":{}}],"line":58},"8":{"loc":{"start":{"line":58,"column":8},"end":{"line":58,"column":60}},"type":"binary-expr","locations":[{"start":{"line":58,"column":8},"end":{"line":58,"column":35}},{"start":{"line":58,"column":39},"end":{"line":58,"column":60}}],"line":58},"9":{"loc":{"start":{"line":79,"column":9},"end":{"line":79,"column":58}},"type":"binary-expr","locations":[{"start":{"line":79,"column":9},"end":{"line":79,"column":14}},{"start":{"line":79,"column":18},"end":{"line":79,"column":58}}],"line":79},"10":{"loc":{"start":{"line":80,"column":9},"end":{"line":80,"column":59}},"type":"binary-expr","locations":[{"start":{"line":80,"column":9},"end":{"line":80,"column":14}},{"start":{"line":80,"column":18},"end":{"line":80,"column":59}}],"line":80},"11":{"loc":{"start":{"line":81,"column":9},"end":{"line":81,"column":66}},"type":"binary-expr","locations":[{"start":{"line":81,"column":9},"end":{"line":81,"column":14}},{"start":{"line":81,"column":18},"end":{"line":81,"column":66}}],"line":81},"12":{"loc":{"start":{"line":82,"column":9},"end":{"line":82,"column":52}},"type":"binary-expr","locations":[{"start":{"line":82,"column":9},"end":{"line":82,"column":12}},{"start":{"line":82,"column":16},"end":{"line":82,"column":52}}],"line":82},"13":{"loc":{"start":{"line":83,"column":9},"end":{"line":83,"column":52}},"type":"binary-expr","locations":[{"start":{"line":83,"column":9},"end":{"line":83,"column":12}},{"start":{"line":83,"column":16},"end":{"line":83,"column":52}}],"line":83},"14":{"loc":{"start":{"line":84,"column":9},"end":{"line":84,"column":64}},"type":"binary-expr","locations":[{"start":{"line":84,"column":9},"end":{"line":84,"column":11}},{"start":{"line":84,"column":15},"end":{"line":84,"column":64}}],"line":84},"15":{"loc":{"start":{"line":85,"column":9},"end":{"line":85,"column":99}},"type":"binary-expr","locations":[{"start":{"line":85,"column":9},"end":{"line":85,"column":26}},{"start":{"line":85,"column":30},"end":{"line":85,"column":99}}],"line":85},"16":{"loc":{"start":{"line":86,"column":9},"end":{"line":86,"column":64}},"type":"binary-expr","locations":[{"start":{"line":86,"column":9},"end":{"line":86,"column":16}},{"start":{"line":86,"column":20},"end":{"line":86,"column":64}}],"line":86},"17":{"loc":{"start":{"line":87,"column":9},"end":{"line":92,"column":9}},"type":"binary-expr","locations":[{"start":{"line":87,"column":9},"end":{"line":87,"column":30}},{"start":{"line":88,"column":10},"end":{"line":91,"column":15}}],"line":87},"18":{"loc":{"start":{"line":93,"column":9},"end":{"line":98,"column":9}},"type":"binary-expr","locations":[{"start":{"line":93,"column":9},"end":{"line":93,"column":32}},{"start":{"line":94,"column":10},"end":{"line":97,"column":15}}],"line":93},"19":{"loc":{"start":{"line":101,"column":11},"end":{"line":101,"column":84}},"type":"cond-expr","locations":[{"start":{"line":101,"column":54},"end":{"line":101,"column":64}},{"start":{"line":101,"column":67},"end":{"line":101,"column":84}}],"line":101},"20":{"loc":{"start":{"line":101,"column":11},"end":{"line":101,"column":51}},"type":"binary-expr","locations":[{"start":{"line":101,"column":11},"end":{"line":101,"column":29}},{"start":{"line":101,"column":33},"end":{"line":101,"column":51}}],"line":101},"21":{"loc":{"start":{"line":105,"column":11},"end":{"line":105,"column":72}},"type":"cond-expr","locations":[{"start":{"line":105,"column":46},"end":{"line":105,"column":52}},{"start":{"line":105,"column":55},"end":{"line":105,"column":72}}],"line":105},"22":{"loc":{"start":{"line":105,"column":11},"end":{"line":105,"column":43}},"type":"binary-expr","locations":[{"start":{"line":105,"column":11},"end":{"line":105,"column":25}},{"start":{"line":105,"column":29},"end":{"line":105,"column":43}}],"line":105},"23":{"loc":{"start":{"line":109,"column":7},"end":{"line":111,"column":7}},"type":"binary-expr","locations":[{"start":{"line":109,"column":7},"end":{"line":109,"column":18}},{"start":{"line":109,"column":22},"end":{"line":109,"column":36}},{"start":{"line":110,"column":8},"end":{"line":110,"column":128}}],"line":109},"24":{"loc":{"start":{"line":112,"column":7},"end":{"line":122,"column":7}},"type":"binary-expr","locations":[{"start":{"line":112,"column":7},"end":{"line":112,"column":21}},{"start":{"line":113,"column":8},"end":{"line":121,"column":14}}],"line":112},"25":{"loc":{"start":{"line":119,"column":13},"end":{"line":119,"column":49}},"type":"cond-expr","locations":[{"start":{"line":119,"column":26},"end":{"line":119,"column":37}},{"start":{"line":119,"column":40},"end":{"line":119,"column":49}}],"line":119}},"s":{"0":2,"1":28,"2":28,"3":28,"4":28,"5":28,"6":28,"7":14,"8":14,"9":14,"10":0,"11":0,"12":14,"13":14,"14":28,"15":14,"16":0,"17":14,"18":0,"19":14,"20":28,"21":56,"22":44,"23":12,"24":8,"25":16,"26":8,"27":4,"28":4,"29":8,"30":4,"31":4,"32":0,"33":28,"34":28,"35":28,"36":0,"37":0,"38":2},"f":{"0":28,"1":14,"2":14,"3":56,"4":16,"5":8,"6":0,"7":0},"b":{"0":[14,0],"1":[0,14],"2":[0,14],"3":[0,14],"4":[44,12],"5":[8,4],"6":[4,4],"7":[4,0],"8":[4,4],"9":[28,26],"10":[28,26],"11":[28,16],"12":[28,16],"13":[28,16],"14":[28,16],"15":[28,16],"16":[28,16],"17":[28,4],"18":[28,4],"19":[16,12],"20":[28,16],"21":[16,12],"22":[28,16],"23":[28,28,0],"24":[28,0],"25":[0,0]},"_coverageSchema":"1a1c01bbd47fc00a2c39e90264f33305004495a9","hash":"1d8027c75151dc30d842538c5e5f7020663d0570"}
,"C:\\Users\\abran\\Documents\\Codigo\\VisualCode\\ReactProyecto\\front-end-test-app\\src\\front-end-test\\components\\ProductDetailsSkeleton.jsx": {"path":"C:\\Users\\abran\\Documents\\Codigo\\VisualCode\\ReactProyecto\\front-end-test-app\\src\\front-end-test\\components\\ProductDetailsSkeleton.jsx","statementMap":{"0":{"start":{"line":3,"column":38},"end":{"line":21,"column":1}},"1":{"start":{"line":4,"column":2},"end":{"line":20,"column":4}}},"fnMap":{"0":{"name":"(anonymous_0)","decl":{"start":{"line":3,"column":38},"end":{"line":3,"column":39}},"loc":{"start":{"line":3,"column":44},"end":{"line":21,"column":1}},"line":3}},"branchMap":{},"s":{"0":2,"1":2},"f":{"0":2},"b":{},"_coverageSchema":"1a1c01bbd47fc00a2c39e90264f33305004495a9","hash":"38477e17b6a492bb6dbda229397f9fa9eed22382"}
,"C:\\Users\\abran\\Documents\\Codigo\\VisualCode\\ReactProyecto\\front-end-test-app\\src\\front-end-test\\components\\ProductList.jsx": {"path":"C:\\Users\\abran\\Documents\\Codigo\\VisualCode\\ReactProyecto\\front-end-test-app\\src\\front-end-test\\components\\ProductList.jsx","statementMap":{"0":{"start":{"line":10,"column":27},"end":{"line":79,"column":1}},"1":{"start":{"line":11,"column":41},"end":{"line":11,"column":59}},"2":{"start":{"line":13,"column":42},"end":{"line":13,"column":59}},"3":{"start":{"line":14,"column":28},"end":{"line":14,"column":60}},"4":{"start":{"line":15,"column":38},"end":{"line":15,"column":65}},"5":{"start":{"line":17,"column":2},"end":{"line":19,"column":26}},"6":{"start":{"line":18,"column":4},"end":{"line":18,"column":37}},"7":{"start":{"line":21,"column":29},"end":{"line":28,"column":3}},"8":{"start":{"line":22,"column":4},"end":{"line":22,"column":24}},"9":{"start":{"line":23,"column":4},"end":{"line":27,"column":5}},"10":{"start":{"line":24,"column":6},"end":{"line":24,"column":40}},"11":{"start":{"line":26,"column":6},"end":{"line":26,"column":26}},"12":{"start":{"line":30,"column":27},"end":{"line":36,"column":4}},"13":{"start":{"line":31,"column":17},"end":{"line":31,"column":48}},"14":{"start":{"line":32,"column":4},"end":{"line":35,"column":6}},"15":{"start":{"line":38,"column":2},"end":{"line":50,"column":6}},"16":{"start":{"line":39,"column":4},"end":{"line":50,"column":6}},"17":{"start":{"line":46,"column":12},"end":{"line":46,"column":36}},"18":{"start":{"line":52,"column":2},"end":{"line":58,"column":6}},"19":{"start":{"line":53,"column":4},"end":{"line":58,"column":6}},"20":{"start":{"line":56,"column":23},"end":{"line":56,"column":47}},"21":{"start":{"line":60,"column":2},"end":{"line":78,"column":4}},"22":{"start":{"line":73,"column":12},"end":{"line":73,"column":57}}},"fnMap":{"0":{"name":"(anonymous_0)","decl":{"start":{"line":10,"column":27},"end":{"line":10,"column":28}},"loc":{"start":{"line":10,"column":33},"end":{"line":79,"column":1}},"line":10},"1":{"name":"(anonymous_1)","decl":{"start":{"line":17,"column":12},"end":{"line":17,"column":13}},"loc":{"start":{"line":17,"column":18},"end":{"line":19,"column":3}},"line":17},"2":{"name":"(anonymous_2)","decl":{"start":{"line":21,"column":29},"end":{"line":21,"column":30}},"loc":{"start":{"line":21,"column":39},"end":{"line":28,"column":3}},"line":21},"3":{"name":"(anonymous_3)","decl":{"start":{"line":30,"column":43},"end":{"line":30,"column":44}},"loc":{"start":{"line":30,"column":56},"end":{"line":36,"column":3}},"line":30},"4":{"name":"(anonymous_4)","decl":{"start":{"line":45,"column":29},"end":{"line":45,"column":30}},"loc":{"start":{"line":46,"column":12},"end":{"line":46,"column":36}},"line":46},"5":{"name":"(anonymous_5)","decl":{"start":{"line":56,"column":17},"end":{"line":56,"column":18}},"loc":{"start":{"line":56,"column":23},"end":{"line":56,"column":47}},"line":56},"6":{"name":"(anonymous_6)","decl":{"start":{"line":72,"column":32},"end":{"line":72,"column":33}},"loc":{"start":{"line":73,"column":12},"end":{"line":73,"column":57}},"line":73}},"branchMap":{"0":{"loc":{"start":{"line":14,"column":28},"end":{"line":14,"column":60}},"type":"binary-expr","locations":[{"start":{"line":14,"column":28},"end":{"line":14,"column":54}},{"start":{"line":14,"column":58},"end":{"line":14,"column":60}}],"line":14},"1":{"loc":{"start":{"line":23,"column":4},"end":{"line":27,"column":5}},"type":"if","locations":[{"start":{"line":23,"column":4},"end":{"line":27,"column":5}},{"start":{"line":25,"column":11},"end":{"line":27,"column":5}}],"line":23},"2":{"loc":{"start":{"line":33,"column":6},"end":{"line":34,"column":55}},"type":"binary-expr","locations":[{"start":{"line":33,"column":6},"end":{"line":33,"column":55}},{"start":{"line":34,"column":6},"end":{"line":34,"column":55}}],"line":33},"3":{"loc":{"start":{"line":38,"column":2},"end":{"line":50,"column":6}},"type":"if","locations":[{"start":{"line":38,"column":2},"end":{"line":50,"column":6}},{"start":{},"end":{}}],"line":38},"4":{"loc":{"start":{"line":52,"column":2},"end":{"line":58,"column":6}},"type":"if","locations":[{"start":{"line":52,"column":2},"end":{"line":58,"column":6}},{"start":{},"end":{}}],"line":52},"5":{"loc":{"start":{"line":66,"column":7},"end":{"line":76,"column":7}},"type":"cond-expr","locations":[{"start":{"line":67,"column":8},"end":{"line":69,"column":14}},{"start":{"line":71,"column":8},"end":{"line":75,"column":14}}],"line":66}},"s":{"0":1,"1":15,"2":15,"3":15,"4":15,"5":15,"6":9,"7":15,"8":3,"9":3,"10":2,"11":1,"12":15,"13":26,"14":26,"15":15,"16":1,"17":8,"18":14,"19":1,"20":0,"21":13,"22":16},"f":{"0":15,"1":9,"2":3,"3":26,"4":8,"5":0,"6":16},"b":{"0":[15,10],"1":[2,1],"2":[26,10],"3":[1,14],"4":[1,13],"5":[3,10]},"_coverageSchema":"1a1c01bbd47fc00a2c39e90264f33305004495a9","hash":"0102d18bff62f423a401641c6670b1cbcc36c8f5"}
,"C:\\Users\\abran\\Documents\\Codigo\\VisualCode\\ReactProyecto\\front-end-test-app\\src\\front-end-test\\components\\Search.jsx": {"path":"C:\\Users\\abran\\Documents\\Codigo\\VisualCode\\ReactProyecto\\front-end-test-app\\src\\front-end-test\\components\\Search.jsx","statementMap":{"0":{"start":{"line":4,"column":22},"end":{"line":14,"column":1}},"1":{"start":{"line":5,"column":2},"end":{"line":13,"column":4}},"2":{"start":{"line":10,"column":23},"end":{"line":10,"column":53}},"3":{"start":{"line":16,"column":0},"end":{"line":19,"column":2}}},"fnMap":{"0":{"name":"(anonymous_0)","decl":{"start":{"line":4,"column":22},"end":{"line":4,"column":23}},"loc":{"start":{"line":4,"column":58},"end":{"line":14,"column":1}},"line":4},"1":{"name":"(anonymous_1)","decl":{"start":{"line":10,"column":16},"end":{"line":10,"column":17}},"loc":{"start":{"line":10,"column":23},"end":{"line":10,"column":53}},"line":10}},"branchMap":{},"s":{"0":1,"1":2,"2":1,"3":1},"f":{"0":2,"1":1},"b":{},"_coverageSchema":"1a1c01bbd47fc00a2c39e90264f33305004495a9","hash":"fc5b9899853c5c2ffe04a27666eb81d32557c2a0"}
,"C:\\Users\\abran\\Documents\\Codigo\\VisualCode\\ReactProyecto\\front-end-test-app\\src\\front-end-test\\components\\SkeletonCard.jsx": {"path":"C:\\Users\\abran\\Documents\\Codigo\\VisualCode\\ReactProyecto\\front-end-test-app\\src\\front-end-test\\components\\SkeletonCard.jsx","statementMap":{"0":{"start":{"line":2,"column":28},"end":{"line":10,"column":1}},"1":{"start":{"line":3,"column":2},"end":{"line":9,"column":4}}},"fnMap":{"0":{"name":"(anonymous_0)","decl":{"start":{"line":2,"column":28},"end":{"line":2,"column":29}},"loc":{"start":{"line":2,"column":34},"end":{"line":10,"column":1}},"line":2}},"branchMap":{},"s":{"0":1,"1":1},"f":{"0":1},"b":{},"_coverageSchema":"1a1c01bbd47fc00a2c39e90264f33305004495a9","hash":"e5ea4fcdae168cce15d0cb050c2b9381b2e7a47b"}
,"C:\\Users\\abran\\Documents\\Codigo\\VisualCode\\ReactProyecto\\front-end-test-app\\src\\front-end-test\\context\\FrontEndTestContext.jsx": {"path":"C:\\Users\\abran\\Documents\\Codigo\\VisualCode\\ReactProyecto\\front-end-test-app\\src\\front-end-test\\context\\FrontEndTestContext.jsx","statementMap":{"0":{"start":{"line":3,"column":35},"end":{"line":3,"column":50}}},"fnMap":{},"branchMap":{},"s":{"0":2},"f":{},"b":{},"_coverageSchema":"1a1c01bbd47fc00a2c39e90264f33305004495a9","hash":"37b6c0920a07824ce03fb26de40b0f6d71fba6bc"}
,"C:\\Users\\abran\\Documents\\Codigo\\VisualCode\\ReactProyecto\\front-end-test-app\\src\\front-end-test\\helpers\\GetDetail.jsx": {"path":"C:\\Users\\abran\\Documents\\Codigo\\VisualCode\\ReactProyecto\\front-end-test-app\\src\\front-end-test\\helpers\\GetDetail.jsx","statementMap":{"0":{"start":{"line":4,"column":18},"end":{"line":39,"column":1}},"1":{"start":{"line":5,"column":21},"end":{"line":5,"column":44}},"2":{"start":{"line":6,"column":2},"end":{"line":8,"column":3}},"3":{"start":{"line":7,"column":4},"end":{"line":7,"column":22}},"4":{"start":{"line":10,"column":14},"end":{"line":10,"column":72}},"5":{"start":{"line":11,"column":15},"end":{"line":11,"column":31}},"6":{"start":{"line":13,"column":2},"end":{"line":15,"column":3}},"7":{"start":{"line":14,"column":4},"end":{"line":14,"column":94}},"8":{"start":{"line":17,"column":15},"end":{"line":17,"column":32}},"9":{"start":{"line":19,"column":17},"end":{"line":34,"column":3}},"10":{"start":{"line":36,"column":2},"end":{"line":36,"column":32}},"11":{"start":{"line":38,"column":2},"end":{"line":38,"column":16}}},"fnMap":{"0":{"name":"(anonymous_0)","decl":{"start":{"line":4,"column":18},"end":{"line":4,"column":19}},"loc":{"start":{"line":4,"column":32},"end":{"line":39,"column":1}},"line":4}},"branchMap":{"0":{"loc":{"start":{"line":6,"column":2},"end":{"line":8,"column":3}},"type":"if","locations":[{"start":{"line":6,"column":2},"end":{"line":8,"column":3}},{"start":{},"end":{}}],"line":6},"1":{"loc":{"start":{"line":13,"column":2},"end":{"line":15,"column":3}},"type":"if","locations":[{"start":{"line":13,"column":2},"end":{"line":15,"column":3}},{"start":{},"end":{}}],"line":13}},"s":{"0":3,"1":3,"2":3,"3":1,"4":2,"5":2,"6":2,"7":1,"8":1,"9":1,"10":1,"11":1},"f":{"0":3},"b":{"0":[1,2],"1":[1,1]},"_coverageSchema":"1a1c01bbd47fc00a2c39e90264f33305004495a9","hash":"f16d76937f27830868f4c2edd891cd0c6f32426a"}
,"C:\\Users\\abran\\Documents\\Codigo\\VisualCode\\ReactProyecto\\front-end-test-app\\src\\front-end-test\\helpers\\GetProduct.jsx": {"path":"C:\\Users\\abran\\Documents\\Codigo\\VisualCode\\ReactProyecto\\front-end-test-app\\src\\front-end-test\\helpers\\GetProduct.jsx","statementMap":{"0":{"start":{"line":4,"column":19},"end":{"line":30,"column":1}},"1":{"start":{"line":5,"column":21},"end":{"line":5,"column":40}},"2":{"start":{"line":6,"column":2},"end":{"line":8,"column":3}},"3":{"start":{"line":7,"column":4},"end":{"line":7,"column":22}},"4":{"start":{"line":10,"column":14},"end":{"line":10,"column":66}},"5":{"start":{"line":11,"column":15},"end":{"line":11,"column":31}},"6":{"start":{"line":13,"column":2},"end":{"line":15,"column":3}},"7":{"start":{"line":14,"column":4},"end":{"line":14,"column":82}},"8":{"start":{"line":17,"column":15},"end":{"line":17,"column":32}},"9":{"start":{"line":19,"column":19},"end":{"line":25,"column":5}},"10":{"start":{"line":19,"column":39},"end":{"line":25,"column":3}},"11":{"start":{"line":27,"column":2},"end":{"line":27,"column":28}},"12":{"start":{"line":29,"column":2},"end":{"line":29,"column":18}}},"fnMap":{"0":{"name":"(anonymous_0)","decl":{"start":{"line":4,"column":19},"end":{"line":4,"column":20}},"loc":{"start":{"line":4,"column":31},"end":{"line":30,"column":1}},"line":4},"1":{"name":"(anonymous_1)","decl":{"start":{"line":19,"column":28},"end":{"line":19,"column":29}},"loc":{"start":{"line":19,"column":39},"end":{"line":25,"column":3}},"line":19}},"branchMap":{"0":{"loc":{"start":{"line":6,"column":2},"end":{"line":8,"column":3}},"type":"if","locations":[{"start":{"line":6,"column":2},"end":{"line":8,"column":3}},{"start":{},"end":{}}],"line":6},"1":{"loc":{"start":{"line":13,"column":2},"end":{"line":15,"column":3}},"type":"if","locations":[{"start":{"line":13,"column":2},"end":{"line":15,"column":3}},{"start":{},"end":{}}],"line":13}},"s":{"0":2,"1":3,"2":3,"3":1,"4":2,"5":2,"6":2,"7":1,"8":1,"9":1,"10":2,"11":1,"12":1},"f":{"0":3,"1":2},"b":{"0":[1,2],"1":[1,1]},"_coverageSchema":"1a1c01bbd47fc00a2c39e90264f33305004495a9","hash":"f84a97eb5a5928a5de421608fdb8865ac48f482b"}
,"C:\\Users\\abran\\Documents\\Codigo\\VisualCode\\ReactProyecto\\front-end-test-app\\src\\front-end-test\\helpers\\PostToCart.jsx": {"path":"C:\\Users\\abran\\Documents\\Codigo\\VisualCode\\ReactProyecto\\front-end-test-app\\src\\front-end-test\\helpers\\PostToCart.jsx","statementMap":{"0":{"start":{"line":2,"column":19},"end":{"line":26,"column":1}},"1":{"start":{"line":3,"column":14},"end":{"line":3,"column":63}},"2":{"start":{"line":5,"column":15},"end":{"line":9,"column":3}},"3":{"start":{"line":11,"column":15},"end":{"line":17,"column":4}},"4":{"start":{"line":19,"column":2},"end":{"line":21,"column":3}},"5":{"start":{"line":20,"column":4},"end":{"line":20,"column":71}},"6":{"start":{"line":23,"column":15},"end":{"line":23,"column":32}},"7":{"start":{"line":25,"column":2},"end":{"line":25,"column":14}}},"fnMap":{"0":{"name":"(anonymous_0)","decl":{"start":{"line":2,"column":19},"end":{"line":2,"column":20}},"loc":{"start":{"line":2,"column":57},"end":{"line":26,"column":1}},"line":2}},"branchMap":{"0":{"loc":{"start":{"line":19,"column":2},"end":{"line":21,"column":3}},"type":"if","locations":[{"start":{"line":19,"column":2},"end":{"line":21,"column":3}},{"start":{},"end":{}}],"line":19}},"s":{"0":3,"1":2,"2":2,"3":2,"4":2,"5":1,"6":1,"7":1},"f":{"0":2},"b":{"0":[1,1]},"_coverageSchema":"1a1c01bbd47fc00a2c39e90264f33305004495a9","hash":"ca00896c21043fbcd2cbd239e678e1e4100df180"}
,"C:\\Users\\abran\\Documents\\Codigo\\VisualCode\\ReactProyecto\\front-end-test-app\\src\\front-end-test\\hooks\\useFecthToCart.js": {"path":"C:\\Users\\abran\\Documents\\Codigo\\VisualCode\\ReactProyecto\\front-end-test-app\\src\\front-end-test\\hooks\\useFecthToCart.js","statementMap":{"0":{"start":{"line":4,"column":30},"end":{"line":27,"column":1}},"1":{"start":{"line":5,"column":36},"end":{"line":5,"column":51}},"2":{"start":{"line":6,"column":28},"end":{"line":6,"column":42}},"3":{"start":{"line":8,"column":20},"end":{"line":20,"column":3}},"4":{"start":{"line":9,"column":4},"end":{"line":9,"column":23}},"5":{"start":{"line":10,"column":4},"end":{"line":10,"column":19}},"6":{"start":{"line":12,"column":4},"end":{"line":19,"column":5}},"7":{"start":{"line":13,"column":21},"end":{"line":13,"column":65}},"8":{"start":{"line":14,"column":6},"end":{"line":14,"column":26}},"9":{"start":{"line":16,"column":6},"end":{"line":16,"column":20}},"10":{"start":{"line":18,"column":6},"end":{"line":18,"column":26}},"11":{"start":{"line":22,"column":2},"end":{"line":26,"column":4}}},"fnMap":{"0":{"name":"(anonymous_0)","decl":{"start":{"line":4,"column":30},"end":{"line":4,"column":31}},"loc":{"start":{"line":4,"column":36},"end":{"line":27,"column":1}},"line":4},"1":{"name":"(anonymous_1)","decl":{"start":{"line":8,"column":20},"end":{"line":8,"column":21}},"loc":{"start":{"line":8,"column":58},"end":{"line":20,"column":3}},"line":8}},"branchMap":{},"s":{"0":2,"1":5,"2":5,"3":5,"4":2,"5":2,"6":2,"7":2,"8":1,"9":1,"10":2,"11":5},"f":{"0":5,"1":2},"b":{},"_coverageSchema":"1a1c01bbd47fc00a2c39e90264f33305004495a9","hash":"f0c23798819d52c540febb4622feff7788220c5b"}
,"C:\\Users\\abran\\Documents\\Codigo\\VisualCode\\ReactProyecto\\front-end-test-app\\src\\front-end-test\\hooks\\useFetchDetail.js": {"path":"C:\\Users\\abran\\Documents\\Codigo\\VisualCode\\ReactProyecto\\front-end-test-app\\src\\front-end-test\\hooks\\useFetchDetail.js","statementMap":{"0":{"start":{"line":4,"column":30},"end":{"line":31,"column":1}},"1":{"start":{"line":5,"column":30},"end":{"line":5,"column":44}},"2":{"start":{"line":6,"column":36},"end":{"line":6,"column":50}},"3":{"start":{"line":7,"column":28},"end":{"line":7,"column":42}},"4":{"start":{"line":9,"column":25},"end":{"line":20,"column":3}},"5":{"start":{"line":10,"column":4},"end":{"line":10,"column":23}},"6":{"start":{"line":11,"column":4},"end":{"line":11,"column":19}},"7":{"start":{"line":12,"column":4},"end":{"line":19,"column":5}},"8":{"start":{"line":13,"column":21},"end":{"line":13,"column":40}},"9":{"start":{"line":14,"column":6},"end":{"line":14,"column":24}},"10":{"start":{"line":16,"column":6},"end":{"line":16,"column":20}},"11":{"start":{"line":18,"column":6},"end":{"line":18,"column":26}},"12":{"start":{"line":22,"column":2},"end":{"line":24,"column":11}},"13":{"start":{"line":23,"column":4},"end":{"line":23,"column":23}},"14":{"start":{"line":26,"column":2},"end":{"line":30,"column":4}}},"fnMap":{"0":{"name":"(anonymous_0)","decl":{"start":{"line":4,"column":30},"end":{"line":4,"column":31}},"loc":{"start":{"line":4,"column":38},"end":{"line":31,"column":1}},"line":4},"1":{"name":"(anonymous_1)","decl":{"start":{"line":9,"column":25},"end":{"line":9,"column":26}},"loc":{"start":{"line":9,"column":39},"end":{"line":20,"column":3}},"line":9},"2":{"name":"(anonymous_2)","decl":{"start":{"line":22,"column":12},"end":{"line":22,"column":13}},"loc":{"start":{"line":22,"column":18},"end":{"line":24,"column":3}},"line":22}},"branchMap":{},"s":{"0":2,"1":5,"2":5,"3":5,"4":5,"5":3,"6":3,"7":3,"8":3,"9":2,"10":1,"11":3,"12":5,"13":3,"14":5},"f":{"0":5,"1":3,"2":3},"b":{},"_coverageSchema":"1a1c01bbd47fc00a2c39e90264f33305004495a9","hash":"10fdcd66f65250dbbcf9fd3612a603356e20e0da"}
,"C:\\Users\\abran\\Documents\\Codigo\\VisualCode\\ReactProyecto\\front-end-test-app\\src\\front-end-test\\hooks\\useFetchProducts.js": {"path":"C:\\Users\\abran\\Documents\\Codigo\\VisualCode\\ReactProyecto\\front-end-test-app\\src\\front-end-test\\hooks\\useFetchProducts.js","statementMap":{"0":{"start":{"line":4,"column":32},"end":{"line":29,"column":1}},"1":{"start":{"line":5,"column":34},"end":{"line":5,"column":46}},"2":{"start":{"line":6,"column":36},"end":{"line":6,"column":50}},"3":{"start":{"line":7,"column":28},"end":{"line":7,"column":42}},"4":{"start":{"line":9,"column":26},"end":{"line":18,"column":3}},"5":{"start":{"line":10,"column":4},"end":{"line":17,"column":5}},"6":{"start":{"line":11,"column":26},"end":{"line":11,"column":44}},"7":{"start":{"line":12,"column":6},"end":{"line":12,"column":31}},"8":{"start":{"line":14,"column":6},"end":{"line":14,"column":20}},"9":{"start":{"line":16,"column":6},"end":{"line":16,"column":26}},"10":{"start":{"line":20,"column":2},"end":{"line":22,"column":9}},"11":{"start":{"line":21,"column":4},"end":{"line":21,"column":22}},"12":{"start":{"line":24,"column":2},"end":{"line":28,"column":4}}},"fnMap":{"0":{"name":"(anonymous_0)","decl":{"start":{"line":4,"column":32},"end":{"line":4,"column":33}},"loc":{"start":{"line":4,"column":38},"end":{"line":29,"column":1}},"line":4},"1":{"name":"(anonymous_1)","decl":{"start":{"line":9,"column":26},"end":{"line":9,"column":27}},"loc":{"start":{"line":9,"column":38},"end":{"line":18,"column":3}},"line":9},"2":{"name":"(anonymous_2)","decl":{"start":{"line":20,"column":12},"end":{"line":20,"column":13}},"loc":{"start":{"line":20,"column":18},"end":{"line":22,"column":3}},"line":20}},"branchMap":{},"s":{"0":1,"1":5,"2":5,"3":5,"4":5,"5":3,"6":3,"7":2,"8":1,"9":3,"10":5,"11":3,"12":5},"f":{"0":5,"1":3,"2":3},"b":{},"_coverageSchema":"1a1c01bbd47fc00a2c39e90264f33305004495a9","hash":"75656617fef5a64597f79d7775173a7b1cac0f34"}
,"C:\\Users\\abran\\Documents\\Codigo\\VisualCode\\ReactProyecto\\front-end-test-app\\src\\front-end-test\\pages\\ProductDetailsPage.jsx": {"path":"C:\\Users\\abran\\Documents\\Codigo\\VisualCode\\ReactProyecto\\front-end-test-app\\src\\front-end-test\\pages\\ProductDetailsPage.jsx","statementMap":{"0":{"start":{"line":11,"column":34},"end":{"line":110,"column":1}},"1":{"start":{"line":12,"column":17},"end":{"line":12,"column":28}},"2":{"start":{"line":14,"column":44},"end":{"line":14,"column":56}},"3":{"start":{"line":15,"column":48},"end":{"line":15,"column":60}},"4":{"start":{"line":16,"column":39},"end":{"line":16,"column":57}},"5":{"start":{"line":17,"column":48},"end":{"line":17,"column":64}},"6":{"start":{"line":18,"column":30},"end":{"line":18,"column":61}},"7":{"start":{"line":20,"column":19},"end":{"line":20,"column":32}},"8":{"start":{"line":21,"column":19},"end":{"line":21,"column":32}},"9":{"start":{"line":23,"column":26},"end":{"line":25,"column":3}},"10":{"start":{"line":24,"column":2},"end":{"line":24,"column":38}},"11":{"start":{"line":27,"column":2},"end":{"line":34,"column":15}},"12":{"start":{"line":28,"column":4},"end":{"line":30,"column":5}},"13":{"start":{"line":29,"column":6},"end":{"line":29,"column":54}},"14":{"start":{"line":31,"column":4},"end":{"line":33,"column":5}},"15":{"start":{"line":32,"column":6},"end":{"line":32,"column":58}},"16":{"start":{"line":36,"column":26},"end":{"line":47,"column":3}},"17":{"start":{"line":37,"column":4},"end":{"line":40,"column":5}},"18":{"start":{"line":38,"column":6},"end":{"line":38,"column":49}},"19":{"start":{"line":39,"column":6},"end":{"line":39,"column":13}},"20":{"start":{"line":42,"column":21},"end":{"line":42,"column":72}},"21":{"start":{"line":44,"column":4},"end":{"line":46,"column":5}},"22":{"start":{"line":45,"column":6},"end":{"line":45,"column":32}},"23":{"start":{"line":49,"column":2},"end":{"line":49,"column":51}},"24":{"start":{"line":49,"column":17},"end":{"line":49,"column":51}},"25":{"start":{"line":51,"column":2},"end":{"line":54,"column":6}},"26":{"start":{"line":52,"column":4},"end":{"line":54,"column":6}},"27":{"start":{"line":53,"column":50},"end":{"line":53,"column":74}},"28":{"start":{"line":56,"column":2},"end":{"line":56,"column":27}},"29":{"start":{"line":56,"column":15},"end":{"line":56,"column":27}},"30":{"start":{"line":58,"column":2},"end":{"line":109,"column":4}}},"fnMap":{"0":{"name":"(anonymous_0)","decl":{"start":{"line":11,"column":34},"end":{"line":11,"column":35}},"loc":{"start":{"line":11,"column":40},"end":{"line":110,"column":1}},"line":11},"1":{"name":"(anonymous_1)","decl":{"start":{"line":23,"column":26},"end":{"line":23,"column":27}},"loc":{"start":{"line":23,"column":32},"end":{"line":25,"column":3}},"line":23},"2":{"name":"(anonymous_2)","decl":{"start":{"line":27,"column":12},"end":{"line":27,"column":13}},"loc":{"start":{"line":27,"column":18},"end":{"line":34,"column":3}},"line":27},"3":{"name":"(anonymous_3)","decl":{"start":{"line":36,"column":26},"end":{"line":36,"column":27}},"loc":{"start":{"line":36,"column":38},"end":{"line":47,"column":3}},"line":36},"4":{"name":"(anonymous_4)","decl":{"start":{"line":53,"column":44},"end":{"line":53,"column":45}},"loc":{"start":{"line":53,"column":50},"end":{"line":53,"column":74}},"line":53}},"branchMap":{"0":{"loc":{"start":{"line":28,"column":4},"end":{"line":30,"column":5}},"type":"if","locations":[{"start":{"line":28,"column":4},"end":{"line":30,"column":5}},{"start":{},"end":{}}],"line":28},"1":{"loc":{"start":{"line":31,"column":4},"end":{"line":33,"column":5}},"type":"if","locations":[{"start":{"line":31,"column":4},"end":{"line":33,"column":5}},{"start":{},"end":{}}],"line":31},"2":{"loc":{"start":{"line":37,"column":4},"end":{"line":40,"column":5}},"type":"if","locations":[{"start":{"line":37,"column":4},"end":{"line":40,"column":5}},{"start":{},"end":{}}],"line":37},"3":{"loc":{"start":{"line":37,"column":8},"end":{"line":37,"column":42}},"type":"binary-expr","locations":[{"start":{"line":37,"column":8},"end":{"line":37,"column":22}},{"start":{"line":37,"column":26},"end":{"line":37,"column":42}}],"line":37},"4":{"loc":{"start":{"line":44,"column":4},"end":{"line":46,"column":5}},"type":"if","locations":[{"start":{"line":44,"column":4},"end":{"line":46,"column":5}},{"start":{},"end":{}}],"line":44},"5":{"loc":{"start":{"line":49,"column":2},"end":{"line":49,"column":51}},"type":"if","locations":[{"start":{"line":49,"column":2},"end":{"line":49,"column":51}},{"start":{},"end":{}}],"line":49},"6":{"loc":{"start":{"line":51,"column":2},"end":{"line":54,"column":6}},"type":"if","locations":[{"start":{"line":51,"column":2},"end":{"line":54,"column":6}},{"start":{},"end":{}}],"line":51},"7":{"loc":{"start":{"line":56,"column":2},"end":{"line":56,"column":27}},"type":"if","locations":[{"start":{"line":56,"column":2},"end":{"line":56,"column":27}},{"start":{},"end":{}}],"line":56},"8":{"loc":{"start":{"line":92,"column":16},"end":{"line":94,"column":51}},"type":"cond-expr","locations":[{"start":{"line":93,"column":20},"end":{"line":93,"column":52}},{"start":{"line":94,"column":20},"end":{"line":94,"column":51}}],"line":92},"9":{"loc":{"start":{"line":98,"column":15},"end":{"line":98,"column":55}},"type":"cond-expr","locations":[{"start":{"line":98,"column":30},"end":{"line":98,"column":44}},{"start":{"line":98,"column":47},"end":{"line":98,"column":55}}],"line":98},"10":{"loc":{"start":{"line":100,"column":13},"end":{"line":104,"column":13}},"type":"binary-expr","locations":[{"start":{"line":100,"column":13},"end":{"line":100,"column":21}},{"start":{"line":101,"column":14},"end":{"line":103,"column":18}}],"line":100}},"s":{"0":1,"1":11,"2":11,"3":11,"4":11,"5":11,"6":11,"7":11,"8":11,"9":11,"10":1,"11":11,"12":7,"13":4,"14":7,"15":4,"16":11,"17":3,"18":1,"19":1,"20":2,"21":2,"22":1,"23":11,"24":1,"25":10,"26":1,"27":0,"28":9,"29":0,"30":9},"f":{"0":11,"1":1,"2":7,"3":3,"4":0},"b":{"0":[4,3],"1":[4,3],"2":[1,2],"3":[3,2],"4":[1,1],"5":[1,10],"6":[1,9],"7":[0,9],"8":[0,9],"9":[0,9],"10":[9,2]},"_coverageSchema":"1a1c01bbd47fc00a2c39e90264f33305004495a9","hash":"1b2a911f3e9e604a75d5a719fcf792ed4c862f1d"}
,"C:\\Users\\abran\\Documents\\Codigo\\VisualCode\\ReactProyecto\\front-end-test-app\\src\\front-end-test\\pages\\ProductListPage.jsx": {"path":"C:\\Users\\abran\\Documents\\Codigo\\VisualCode\\ReactProyecto\\front-end-test-app\\src\\front-end-test\\pages\\ProductListPage.jsx","statementMap":{"0":{"start":{"line":4,"column":31},"end":{"line":10,"column":1}},"1":{"start":{"line":5,"column":2},"end":{"line":9,"column":3}}},"fnMap":{"0":{"name":"(anonymous_0)","decl":{"start":{"line":4,"column":31},"end":{"line":4,"column":32}},"loc":{"start":{"line":4,"column":37},"end":{"line":10,"column":1}},"line":4}},"branchMap":{},"s":{"0":1,"1":1},"f":{"0":1},"b":{},"_coverageSchema":"1a1c01bbd47fc00a2c39e90264f33305004495a9","hash":"b49ad88e1ca2c7acf63ffc0bef5e6501b4b87f80"}
,"C:\\Users\\abran\\Documents\\Codigo\\VisualCode\\ReactProyecto\\front-end-test-app\\src\\front-end-test\\routes\\FrontEndTestRoutes.jsx": {"path":"C:\\Users\\abran\\Documents\\Codigo\\VisualCode\\ReactProyecto\\front-end-test-app\\src\\front-end-test\\routes\\FrontEndTestRoutes.jsx","statementMap":{"0":{"start":{"line":7,"column":34},"end":{"line":18,"column":1}},"1":{"start":{"line":8,"column":2},"end":{"line":17,"column":3}}},"fnMap":{"0":{"name":"(anonymous_0)","decl":{"start":{"line":7,"column":34},"end":{"line":7,"column":35}},"loc":{"start":{"line":7,"column":40},"end":{"line":18,"column":1}},"line":7}},"branchMap":{},"s":{"0":1,"1":4},"f":{"0":4},"b":{},"_coverageSchema":"1a1c01bbd47fc00a2c39e90264f33305004495a9","hash":"8fdfaa2cc746aed8746b9b612f7cd462237880d2"}
,"C:\\Users\\abran\\Documents\\Codigo\\VisualCode\\ReactProyecto\\front-end-test-app\\src\\storage\\Cache.js": {"path":"C:\\Users\\abran\\Documents\\Codigo\\VisualCode\\ReactProyecto\\front-end-test-app\\src\\storage\\Cache.js","statementMap":{"0":{"start":{"line":1,"column":24},"end":{"line":1,"column":38}},"1":{"start":{"line":3,"column":20},"end":{"line":9,"column":1}},"2":{"start":{"line":4,"column":18},"end":{"line":7,"column":3}},"3":{"start":{"line":8,"column":2},"end":{"line":8,"column":53}},"4":{"start":{"line":11,"column":22},"end":{"line":29,"column":1}},"5":{"start":{"line":12,"column":17},"end":{"line":12,"column":42}},"6":{"start":{"line":13,"column":2},"end":{"line":13,"column":27}},"7":{"start":{"line":13,"column":15},"end":{"line":13,"column":27}},"8":{"start":{"line":15,"column":2},"end":{"line":28,"column":3}},"9":{"start":{"line":16,"column":32},"end":{"line":16,"column":50}},"10":{"start":{"line":17,"column":16},"end":{"line":17,"column":26}},"11":{"start":{"line":19,"column":4},"end":{"line":22,"column":5}},"12":{"start":{"line":20,"column":6},"end":{"line":20,"column":35}},"13":{"start":{"line":21,"column":6},"end":{"line":21,"column":18}},"14":{"start":{"line":24,"column":4},"end":{"line":24,"column":16}},"15":{"start":{"line":26,"column":4},"end":{"line":26,"column":33}},"16":{"start":{"line":27,"column":4},"end":{"line":27,"column":16}},"17":{"start":{"line":31,"column":27},"end":{"line":31,"column":43}},"18":{"start":{"line":32,"column":23},"end":{"line":32,"column":35}},"19":{"start":{"line":34,"column":31},"end":{"line":34,"column":78}},"20":{"start":{"line":34,"column":41},"end":{"line":34,"column":78}},"21":{"start":{"line":35,"column":33},"end":{"line":35,"column":72}},"22":{"start":{"line":35,"column":39},"end":{"line":35,"column":72}},"23":{"start":{"line":37,"column":33},"end":{"line":38,"column":43}},"24":{"start":{"line":38,"column":2},"end":{"line":38,"column":43}},"25":{"start":{"line":39,"column":35},"end":{"line":40,"column":39}},"26":{"start":{"line":40,"column":2},"end":{"line":40,"column":39}},"27":{"start":{"line":42,"column":36},"end":{"line":43,"column":36}},"28":{"start":{"line":43,"column":2},"end":{"line":43,"column":36}},"29":{"start":{"line":44,"column":38},"end":{"line":45,"column":31}},"30":{"start":{"line":45,"column":2},"end":{"line":45,"column":31}}},"fnMap":{"0":{"name":"(anonymous_0)","decl":{"start":{"line":3,"column":20},"end":{"line":3,"column":21}},"loc":{"start":{"line":3,"column":35},"end":{"line":9,"column":1}},"line":3},"1":{"name":"(anonymous_1)","decl":{"start":{"line":11,"column":22},"end":{"line":11,"column":23}},"loc":{"start":{"line":11,"column":31},"end":{"line":29,"column":1}},"line":11},"2":{"name":"(anonymous_2)","decl":{"start":{"line":34,"column":31},"end":{"line":34,"column":32}},"loc":{"start":{"line":34,"column":41},"end":{"line":34,"column":78}},"line":34},"3":{"name":"(anonymous_3)","decl":{"start":{"line":35,"column":33},"end":{"line":35,"column":34}},"loc":{"start":{"line":35,"column":39},"end":{"line":35,"column":72}},"line":35},"4":{"name":"(anonymous_4)","decl":{"start":{"line":37,"column":33},"end":{"line":37,"column":34}},"loc":{"start":{"line":38,"column":2},"end":{"line":38,"column":43}},"line":38},"5":{"name":"(anonymous_5)","decl":{"start":{"line":39,"column":35},"end":{"line":39,"column":36}},"loc":{"start":{"line":40,"column":2},"end":{"line":40,"column":39}},"line":40},"6":{"name":"(anonymous_6)","decl":{"start":{"line":42,"column":36},"end":{"line":42,"column":37}},"loc":{"start":{"line":43,"column":2},"end":{"line":43,"column":36}},"line":43},"7":{"name":"(anonymous_7)","decl":{"start":{"line":44,"column":38},"end":{"line":44,"column":39}},"loc":{"start":{"line":45,"column":2},"end":{"line":45,"column":31}},"line":45}},"branchMap":{"0":{"loc":{"start":{"line":13,"column":2},"end":{"line":13,"column":27}},"type":"if","locations":[{"start":{"line":13,"column":2},"end":{"line":13,"column":27}},{"start":{},"end":{}}],"line":13},"1":{"loc":{"start":{"line":19,"column":4},"end":{"line":22,"column":5}},"type":"if","locations":[{"start":{"line":19,"column":4},"end":{"line":22,"column":5}},{"start":{},"end":{}}],"line":19}},"s":{"0":6,"1":6,"2":7,"3":7,"4":6,"5":10,"6":10,"7":3,"8":7,"9":7,"10":6,"11":6,"12":3,"13":3,"14":3,"15":1,"16":1,"17":6,"18":6,"19":6,"20":2,"21":6,"22":4,"23":6,"24":3,"25":6,"26":3,"27":6,"28":2,"29":6,"30":3},"f":{"0":7,"1":10,"2":2,"3":4,"4":3,"5":3,"6":2,"7":3},"b":{"0":[3,7],"1":[3,3]},"_coverageSchema":"1a1c01bbd47fc00a2c39e90264f33305004495a9","hash":"c96d3e82c54d6d47a31a9958ab737dd762373ec3"}
,"C:\\Users\\abran\\Documents\\Codigo\\VisualCode\\ReactProyecto\\front-end-test-app\\src\\ui\\Navbar.jsx": {"path":"C:\\Users\\abran\\Documents\\Codigo\\VisualCode\\ReactProyecto\\front-end-test-app\\src\\ui\\Navbar.jsx","statementMap":{"0":{"start":{"line":6,"column":22},"end":{"line":71,"column":1}},"1":{"start":{"line":7,"column":19},"end":{"line":7,"column":32}},"2":{"start":{"line":8,"column":24},"end":{"line":8,"column":55}},"3":{"start":{"line":9,"column":36},"end":{"line":9,"column":50}},"4":{"start":{"line":11,"column":2},"end":{"line":29,"column":17}},"5":{"start":{"line":12,"column":25},"end":{"line":12,"column":63}},"6":{"start":{"line":14,"column":4},"end":{"line":28,"column":5}},"7":{"start":{"line":15,"column":17},"end":{"line":15,"column":48}},"8":{"start":{"line":16,"column":25},"end":{"line":16,"column":46}},"9":{"start":{"line":18,"column":6},"end":{"line":25,"column":7}},"10":{"start":{"line":19,"column":8},"end":{"line":19,"column":33}},"11":{"start":{"line":21,"column":23},"end":{"line":21,"column":46}},"12":{"start":{"line":22,"column":8},"end":{"line":24,"column":9}},"13":{"start":{"line":23,"column":10},"end":{"line":23,"column":37}},"14":{"start":{"line":27,"column":6},"end":{"line":27,"column":25}},"15":{"start":{"line":31,"column":22},"end":{"line":47,"column":6}},"16":{"start":{"line":35,"column":19},"end":{"line":35,"column":60}},"17":{"start":{"line":37,"column":21},"end":{"line":37,"column":47}},"18":{"start":{"line":40,"column":8},"end":{"line":40,"column":50}},"19":{"start":{"line":42,"column":6},"end":{"line":44,"column":7}},"20":{"start":{"line":43,"column":8},"end":{"line":43,"column":32}},"21":{"start":{"line":46,"column":6},"end":{"line":46,"column":41}},"22":{"start":{"line":49,"column":2},"end":{"line":70,"column":4}},"23":{"start":{"line":58,"column":12},"end":{"line":63,"column":19}}},"fnMap":{"0":{"name":"(anonymous_0)","decl":{"start":{"line":6,"column":22},"end":{"line":6,"column":23}},"loc":{"start":{"line":6,"column":28},"end":{"line":71,"column":1}},"line":6},"1":{"name":"(anonymous_1)","decl":{"start":{"line":11,"column":12},"end":{"line":11,"column":13}},"loc":{"start":{"line":11,"column":18},"end":{"line":29,"column":3}},"line":11},"2":{"name":"(anonymous_2)","decl":{"start":{"line":34,"column":9},"end":{"line":34,"column":10}},"loc":{"start":{"line":34,"column":36},"end":{"line":47,"column":5}},"line":34},"3":{"name":"(anonymous_3)","decl":{"start":{"line":57,"column":26},"end":{"line":57,"column":27}},"loc":{"start":{"line":58,"column":12},"end":{"line":63,"column":19}},"line":58}},"branchMap":{"0":{"loc":{"start":{"line":14,"column":4},"end":{"line":28,"column":5}},"type":"if","locations":[{"start":{"line":14,"column":4},"end":{"line":28,"column":5}},{"start":{"line":26,"column":11},"end":{"line":28,"column":5}}],"line":14},"1":{"loc":{"start":{"line":18,"column":6},"end":{"line":25,"column":7}},"type":"if","locations":[{"start":{"line":18,"column":6},"end":{"line":25,"column":7}},{"start":{"line":20,"column":13},"end":{"line":25,"column":7}}],"line":18},"2":{"loc":{"start":{"line":22,"column":8},"end":{"line":24,"column":9}},"type":"if","locations":[{"start":{"line":22,"column":8},"end":{"line":24,"column":9}},{"start":{},"end":{}}],"line":22},"3":{"loc":{"start":{"line":40,"column":8},"end":{"line":40,"column":50}},"type":"cond-expr","locations":[{"start":{"line":40,"column":29},"end":{"line":40,"column":40}},{"start":{"line":40,"column":43},"end":{"line":40,"column":50}}],"line":40},"4":{"loc":{"start":{"line":42,"column":6},"end":{"line":44,"column":7}},"type":"if","locations":[{"start":{"line":42,"column":6},"end":{"line":44,"column":7}},{"start":{},"end":{}}],"line":42},"5":{"loc":{"start":{"line":42,"column":10},"end":{"line":42,"column":54}},"type":"binary-expr","locations":[{"start":{"line":42,"column":10},"end":{"line":42,"column":16}},{"start":{"line":42,"column":20},"end":{"line":42,"column":29}},{"start":{"line":42,"column":33},"end":{"line":42,"column":54}}],"line":42},"6":{"loc":{"start":{"line":56,"column":9},"end":{"line":64,"column":12}},"type":"binary-expr","locations":[{"start":{"line":56,"column":9},"end":{"line":56,"column":31}},{"start":{"line":57,"column":10},"end":{"line":64,"column":12}}],"line":56},"7":{"loc":{"start":{"line":62,"column":15},"end":{"line":62,"column":54}},"type":"binary-expr","locations":[{"start":{"line":62,"column":15},"end":{"line":62,"column":45}},{"start":{"line":62,"column":49},"end":{"line":62,"column":54}}],"line":62}},"s":{"0":1,"1":6,"2":6,"3":6,"4":6,"5":4,"6":4,"7":2,"8":2,"9":2,"10":1,"11":1,"12":1,"13":1,"14":2,"15":6,"16":9,"17":9,"18":9,"19":9,"20":2,"21":9,"22":6,"23":8},"f":{"0":6,"1":4,"2":9,"3":8},"b":{"0":[2,2],"1":[1,1],"2":[1,0],"3":[5,4],"4":[2,7],"5":[9,5,2],"6":[6,4],"7":[8,4]},"_coverageSchema":"1a1c01bbd47fc00a2c39e90264f33305004495a9","hash":"ade50e40bc74c69161e3d49910ccc931170fcc09"}
}
