TN:
SF:src\front-end-test\components\ErrorScreen.jsx
FN:4,(anonymous_0)
FNF:1
FNH:1
FNDA:4,(anonymous_0)
DA:4,2
DA:5,4
DA:26,2
LF:3
LH:3
BRDA:13,0,0,4
BRDA:13,0,1,2
BRF:2
BRH:2
end_of_record
TN:
SF:src\front-end-test\components\ImageWithSkeleton.jsx
FN:4,(anonymous_0)
FN:18,(anonymous_1)
FNF:2
FNH:2
FNDA:7,(anonymous_0)
FNDA:1,(anonymous_1)
DA:4,2
DA:5,7
DA:7,7
DA:18,1
DA:24,2
LF:5
LH:5
BRDA:9,0,0,7
BRDA:9,0,1,6
BRDA:16,1,0,1
BRDA:16,1,1,6
BRF:4
BRH:4
end_of_record
TN:
SF:src\front-end-test\components\OptionSelector.jsx
FN:4,(anonymous_0)
FN:9,(anonymous_1)
FN:12,(anonymous_2)
FNF:3
FNH:3
FNDA:22,(anonymous_0)
FNDA:24,(anonymous_1)
FNDA:1,(anonymous_2)
DA:4,2
DA:5,22
DA:10,24
DA:12,1
DA:27,2
LF:5
LH:5
BRDA:14,0,0,12
BRDA:14,0,1,12
BRF:2
BRH:2
end_of_record
TN:
SF:src\front-end-test\components\ProductCard.jsx
FN:6,(anonymous_0)
FN:9,(anonymous_1)
FNF:2
FNH:2
FNDA:3,(anonymous_0)
FNDA:1,(anonymous_1)
DA:6,1
DA:7,3
DA:9,3
DA:10,1
DA:13,3
DA:29,1
LF:6
LH:6
BRDA:23,0,0,2
BRDA:23,0,1,1
BRF:2
BRH:2
end_of_record
TN:
SF:src\front-end-test\components\ProductDetailList.jsx
FN:4,(anonymous_0)
FN:26,(anonymous_1)
FN:39,(anonymous_2)
FN:49,(anonymous_3)
FN:53,(anonymous_4)
FN:55,(anonymous_5)
FN:115,(anonymous_6)
FN:115,(anonymous_7)
FNF:8
FNH:8
FNDA:38,(anonymous_0)
FNDA:18,(anonymous_1)
FNDA:19,(anonymous_2)
FNDA:76,(anonymous_3)
FNDA:24,(anonymous_4)
FNDA:8,(anonymous_5)
FNDA:1,(anonymous_6)
FNDA:1,(anonymous_7)
DA:4,2
DA:18,38
DA:20,38
DA:21,38
DA:22,38
DA:24,38
DA:26,38
DA:27,18
DA:28,18
DA:29,18
DA:30,13
DA:31,13
DA:33,5
DA:34,5
DA:39,38
DA:40,19
DA:42,19
DA:43,1
DA:45,18
DA:49,38
DA:50,76
DA:52,18
DA:53,24
DA:54,12
DA:55,8
DA:58,6
DA:59,4
DA:62,2
DA:65,38
DA:66,38
DA:68,38
DA:115,1
DA:127,2
LF:33
LH:33
BRDA:27,0,0,18
BRDA:27,0,1,0
BRDA:29,1,0,13
BRDA:29,1,1,5
BRDA:40,2,0,0
BRDA:40,2,1,19
BRDA:42,3,0,1
BRDA:42,3,1,18
BRDA:50,4,0,58
BRDA:50,4,1,18
BRDA:52,5,0,12
BRDA:52,5,1,6
BRDA:54,6,0,8
BRDA:54,6,1,4
BRDA:58,7,0,4
BRDA:58,7,1,2
BRDA:58,8,0,6
BRDA:58,8,1,6
BRDA:79,9,0,38
BRDA:79,9,1,36
BRDA:80,10,0,38
BRDA:80,10,1,36
BRDA:81,11,0,38
BRDA:81,11,1,26
BRDA:82,12,0,38
BRDA:82,12,1,26
BRDA:83,13,0,38
BRDA:83,13,1,26
BRDA:84,14,0,38
BRDA:84,14,1,26
BRDA:85,15,0,38
BRDA:85,15,1,26
BRDA:86,16,0,38
BRDA:86,16,1,26
BRDA:87,17,0,38
BRDA:87,17,1,4
BRDA:93,18,0,38
BRDA:93,18,1,4
BRDA:101,19,0,26
BRDA:101,19,1,12
BRDA:101,20,0,38
BRDA:101,20,1,26
BRDA:105,21,0,26
BRDA:105,21,1,12
BRDA:105,22,0,38
BRDA:105,22,1,26
BRDA:109,23,0,38
BRDA:109,23,1,36
BRDA:109,23,2,13
BRDA:112,24,0,38
BRDA:112,24,1,15
BRDA:119,25,0,2
BRDA:119,25,1,13
BRF:53
BRH:51
end_of_record
TN:
SF:src\front-end-test\components\ProductDetailsSkeleton.jsx
FN:3,(anonymous_0)
FNF:1
FNH:1
FNDA:2,(anonymous_0)
DA:3,2
DA:4,2
LF:2
LH:2
BRF:0
BRH:0
end_of_record
TN:
SF:src\front-end-test\components\ProductList.jsx
FN:10,(anonymous_0)
FN:17,(anonymous_1)
FN:21,(anonymous_2)
FN:30,(anonymous_3)
FN:45,(anonymous_4)
FN:56,(anonymous_5)
FN:72,(anonymous_6)
FNF:7
FNH:6
FNDA:15,(anonymous_0)
FNDA:9,(anonymous_1)
FNDA:3,(anonymous_2)
FNDA:26,(anonymous_3)
FNDA:8,(anonymous_4)
FNDA:0,(anonymous_5)
FNDA:16,(anonymous_6)
DA:10,1
DA:11,15
DA:13,15
DA:14,15
DA:15,15
DA:17,15
DA:18,9
DA:21,15
DA:22,3
DA:23,3
DA:24,2
DA:26,1
DA:30,15
DA:31,26
DA:32,26
DA:38,15
DA:39,1
DA:46,8
DA:52,14
DA:53,1
DA:56,0
DA:60,13
DA:73,16
LF:23
LH:22
BRDA:14,0,0,15
BRDA:14,0,1,10
BRDA:23,1,0,2
BRDA:23,1,1,1
BRDA:33,2,0,26
BRDA:33,2,1,10
BRDA:38,3,0,1
BRDA:38,3,1,14
BRDA:52,4,0,1
BRDA:52,4,1,13
BRDA:66,5,0,3
BRDA:66,5,1,10
BRF:12
BRH:12
end_of_record
TN:
SF:src\front-end-test\components\Search.jsx
FN:4,(anonymous_0)
FN:10,(anonymous_1)
FNF:2
FNH:2
FNDA:2,(anonymous_0)
FNDA:1,(anonymous_1)
DA:4,1
DA:5,2
DA:10,1
DA:16,1
LF:4
LH:4
BRF:0
BRH:0
end_of_record
TN:
SF:src\front-end-test\components\SkeletonCard.jsx
FN:2,(anonymous_0)
FNF:1
FNH:1
FNDA:1,(anonymous_0)
DA:2,1
DA:3,1
LF:2
LH:2
BRF:0
BRH:0
end_of_record
TN:
SF:src\front-end-test\context\FrontEndTestContext.jsx
FNF:0
FNH:0
DA:3,2
LF:1
LH:1
BRF:0
BRH:0
end_of_record
TN:
SF:src\front-end-test\helpers\GetDetail.jsx
FN:4,(anonymous_0)
FNF:1
FNH:1
FNDA:3,(anonymous_0)
DA:4,3
DA:5,3
DA:6,3
DA:7,1
DA:10,2
DA:11,2
DA:13,2
DA:14,1
DA:17,1
DA:19,1
DA:36,1
DA:38,1
LF:12
LH:12
BRDA:6,0,0,1
BRDA:6,0,1,2
BRDA:13,1,0,1
BRDA:13,1,1,1
BRF:4
BRH:4
end_of_record
TN:
SF:src\front-end-test\helpers\GetProduct.jsx
FN:4,(anonymous_0)
FN:19,(anonymous_1)
FNF:2
FNH:2
FNDA:3,(anonymous_0)
FNDA:2,(anonymous_1)
DA:4,2
DA:5,3
DA:6,3
DA:7,1
DA:10,2
DA:11,2
DA:13,2
DA:14,1
DA:17,1
DA:19,2
DA:27,1
DA:29,1
LF:12
LH:12
BRDA:6,0,0,1
BRDA:6,0,1,2
BRDA:13,1,0,1
BRDA:13,1,1,1
BRF:4
BRH:4
end_of_record
TN:
SF:src\front-end-test\helpers\PostToCart.jsx
FN:2,(anonymous_0)
FNF:1
FNH:1
FNDA:2,(anonymous_0)
DA:2,3
DA:3,2
DA:5,2
DA:11,2
DA:19,2
DA:20,1
DA:23,1
DA:25,1
LF:8
LH:8
BRDA:19,0,0,1
BRDA:19,0,1,1
BRF:2
BRH:2
end_of_record
TN:
SF:src\front-end-test\hooks\useFecthToCart.js
FN:4,(anonymous_0)
FN:8,(anonymous_1)
FNF:2
FNH:2
FNDA:5,(anonymous_0)
FNDA:2,(anonymous_1)
DA:4,2
DA:5,5
DA:6,5
DA:8,5
DA:9,2
DA:10,2
DA:12,2
DA:13,2
DA:14,1
DA:16,1
DA:18,2
DA:22,5
LF:12
LH:12
BRF:0
BRH:0
end_of_record
TN:
SF:src\front-end-test\hooks\useFetchDetail.js
FN:4,(anonymous_0)
FN:9,(anonymous_1)
FN:22,(anonymous_2)
FNF:3
FNH:3
FNDA:5,(anonymous_0)
FNDA:3,(anonymous_1)
FNDA:3,(anonymous_2)
DA:4,2
DA:5,5
DA:6,5
DA:7,5
DA:9,5
DA:10,3
DA:11,3
DA:12,3
DA:13,3
DA:14,2
DA:16,1
DA:18,3
DA:22,5
DA:23,3
DA:26,5
LF:15
LH:15
BRF:0
BRH:0
end_of_record
TN:
SF:src\front-end-test\hooks\useFetchProducts.js
FN:4,(anonymous_0)
FN:9,(anonymous_1)
FN:20,(anonymous_2)
FNF:3
FNH:3
FNDA:5,(anonymous_0)
FNDA:3,(anonymous_1)
FNDA:3,(anonymous_2)
DA:4,1
DA:5,5
DA:6,5
DA:7,5
DA:9,5
DA:10,3
DA:11,3
DA:12,2
DA:14,1
DA:16,3
DA:20,5
DA:21,3
DA:24,5
LF:13
LH:13
BRF:0
BRH:0
end_of_record
TN:
SF:src\front-end-test\pages\ProductDetailsPage.jsx
FN:11,(anonymous_0)
FN:23,(anonymous_1)
FN:27,(anonymous_2)
FN:36,(anonymous_3)
FN:53,(anonymous_4)
FNF:5
FNH:4
FNDA:11,(anonymous_0)
FNDA:1,(anonymous_1)
FNDA:7,(anonymous_2)
FNDA:3,(anonymous_3)
FNDA:0,(anonymous_4)
DA:11,1
DA:12,11
DA:14,11
DA:15,11
DA:16,11
DA:17,11
DA:18,11
DA:20,11
DA:21,11
DA:23,11
DA:24,1
DA:27,11
DA:28,7
DA:29,4
DA:31,7
DA:32,4
DA:36,11
DA:37,3
DA:38,1
DA:39,1
DA:42,2
DA:44,2
DA:45,1
DA:49,11
DA:51,10
DA:52,1
DA:53,0
DA:56,9
DA:58,9
LF:29
LH:28
BRDA:28,0,0,4
BRDA:28,0,1,3
BRDA:31,1,0,4
BRDA:31,1,1,3
BRDA:37,2,0,1
BRDA:37,2,1,2
BRDA:37,3,0,3
BRDA:37,3,1,2
BRDA:44,4,0,1
BRDA:44,4,1,1
BRDA:49,5,0,1
BRDA:49,5,1,10
BRDA:51,6,0,1
BRDA:51,6,1,9
BRDA:56,7,0,0
BRDA:56,7,1,9
BRDA:92,8,0,0
BRDA:92,8,1,9
BRDA:98,9,0,0
BRDA:98,9,1,9
BRDA:100,10,0,9
BRDA:100,10,1,2
BRF:22
BRH:19
end_of_record
TN:
SF:src\front-end-test\pages\ProductListPage.jsx
FN:4,(anonymous_0)
FNF:1
FNH:1
FNDA:1,(anonymous_0)
DA:4,1
DA:5,1
LF:2
LH:2
BRF:0
BRH:0
end_of_record
TN:
SF:src\front-end-test\routes\FrontEndTestRoutes.jsx
FN:7,(anonymous_0)
FNF:1
FNH:1
FNDA:4,(anonymous_0)
DA:7,1
DA:8,4
LF:2
LH:2
BRF:0
BRH:0
end_of_record
TN:
SF:src\storage\Cache.js
FN:3,(anonymous_0)
FN:11,(anonymous_1)
FN:34,(anonymous_2)
FN:35,(anonymous_3)
FN:37,(anonymous_4)
FN:39,(anonymous_5)
FN:42,(anonymous_6)
FN:44,(anonymous_7)
FNF:8
FNH:8
FNDA:7,(anonymous_0)
FNDA:10,(anonymous_1)
FNDA:2,(anonymous_2)
FNDA:4,(anonymous_3)
FNDA:3,(anonymous_4)
FNDA:3,(anonymous_5)
FNDA:2,(anonymous_6)
FNDA:3,(anonymous_7)
DA:1,6
DA:3,6
DA:4,7
DA:8,7
DA:11,6
DA:12,10
DA:13,10
DA:15,7
DA:16,7
DA:17,6
DA:19,6
DA:20,3
DA:21,3
DA:24,3
DA:26,1
DA:27,1
DA:31,6
DA:32,6
DA:34,6
DA:35,6
DA:37,6
DA:38,3
DA:39,6
DA:40,3
DA:42,6
DA:43,2
DA:44,6
DA:45,3
LF:28
LH:28
BRDA:13,0,0,3
BRDA:13,0,1,7
BRDA:19,1,0,3
BRDA:19,1,1,3
BRF:4
BRH:4
end_of_record
TN:
SF:src\ui\Navbar.jsx
FN:6,(anonymous_0)
FN:11,(anonymous_1)
FN:34,(anonymous_2)
FN:57,(anonymous_3)
FNF:4
FNH:4
FNDA:6,(anonymous_0)
FNDA:4,(anonymous_1)
FNDA:9,(anonymous_2)
FNDA:8,(anonymous_3)
DA:6,1
DA:7,6
DA:8,6
DA:9,6
DA:11,6
DA:12,4
DA:14,4
DA:15,2
DA:16,2
DA:18,2
DA:19,1
DA:21,1
DA:22,1
DA:23,1
DA:27,2
DA:31,6
DA:35,9
DA:37,9
DA:40,9
DA:42,9
DA:43,2
DA:46,9
DA:49,6
DA:58,8
LF:24
LH:24
BRDA:14,0,0,2
BRDA:14,0,1,2
BRDA:18,1,0,1
BRDA:18,1,1,1
BRDA:22,2,0,1
BRDA:22,2,1,0
BRDA:40,3,0,5
BRDA:40,3,1,4
BRDA:42,4,0,2
BRDA:42,4,1,7
BRDA:42,5,0,9
BRDA:42,5,1,5
BRDA:42,5,2,2
BRDA:56,6,0,6
BRDA:56,6,1,4
BRDA:62,7,0,8
BRDA:62,7,1,4
BRF:17
BRH:16
end_of_record
